<?xml version="1.0" encoding="UTF-8"?>
<testng-results ignored="0" total="1" passed="1" failed="0" skipped="0">
  <reporter-output>
    <line>
      <![CDATA[Empty browser launched in JenkinsTest class]]>
    </line>
  </reporter-output>
  <suite started-at="2025-06-14T11:10:07 IST" name="Default suite" finished-at="2025-06-14T11:10:10 IST" duration-ms="3007">
    <groups>
    </groups>
    <test started-at="2025-06-14T11:10:07 IST" name="Default test" finished-at="2025-06-14T11:10:10 IST" duration-ms="3007">
      <class name="jenkins_Automation_Weekend.JenkisTest">
        <test-method signature="launch()[pri:0, instance:jenkins_Automation_Weekend.JenkisTest@4d154ccd]" started-at="2025-06-14T11:10:07 IST" name="launch" finished-at="2025-06-14T11:10:10 IST" duration-ms="2903" status="PASS">
          <reporter-output>
            <line>
              <![CDATA[Empty browser launched in JenkinsTest class]]>
            </line>
          </reporter-output>
        </test-method> <!-- launch -->
      </class> <!-- jenkins_Automation_Weekend.JenkisTest -->
    </test> <!-- Default test -->
  </suite> <!-- Default suite -->
</testng-results>
